<?xml version="1.0" encoding="UTF-8"?>
<testng-results ignored="0" total="1" passed="1" failed="0" skipped="0">
  <reporter-output>
  </reporter-output>
  <suite started-at="2024-07-23T11:05:04 IST" name="Default suite" finished-at="2024-07-23T11:05:13 IST" duration-ms="8712">
    <groups>
    </groups>
    <test started-at="2024-07-23T11:05:04 IST" name="Default test" finished-at="2024-07-23T11:05:13 IST" duration-ms="8712">
      <class name="simple2.todo3">
        <test-method is-config="true" signature="setup(java.lang.reflect.Method,org.testng.ITestContext)[pri:0, instance:simple2.todo3@38425407]" started-at="2024-07-23T11:05:04 IST" name="setup" finished-at="2024-07-23T11:05:09 IST" duration-ms="4754" status="PASS">
          <params>
            <param index="0">
              <value>
                <![CDATA[public void simple2.todo3.basicTest() throws java.lang.InterruptedException]]>
              </value>
            </param>
            <param index="1">
              <value>
                <![CDATA[org.testng.TestRunner@629ae7e]]>
              </value>
            </param>
          </params>
          <reporter-output>
          </reporter-output>
        </test-method> <!-- setup -->
        <test-method signature="basicTest()[pri:0, instance:simple2.todo3@38425407]" started-at="2024-07-23T11:05:09 IST" name="basicTest" finished-at="2024-07-23T11:05:12 IST" duration-ms="3271" status="PASS">
          <reporter-output>
          </reporter-output>
        </test-method> <!-- basicTest -->
        <test-method is-config="true" signature="tearDown()[pri:0, instance:simple2.todo3@38425407]" started-at="2024-07-23T11:05:12 IST" name="tearDown" finished-at="2024-07-23T11:05:13 IST" duration-ms="594" status="PASS">
          <reporter-output>
          </reporter-output>
        </test-method> <!-- tearDown -->
      </class> <!-- simple2.todo3 -->
    </test> <!-- Default test -->
  </suite> <!-- Default suite -->
</testng-results>
